#
# There is insufficient memory for the Java Runtime Environment to continue.
# Native memory allocation (mmap) failed to map 132120576 bytes for G1 virtual space
# Possible reasons:
#   The system is out of physical RAM or swap space
#   The process is running with CompressedOops enabled, and the Java Heap may be blocking the growth of the native heap
# Possible solutions:
#   Reduce memory load on the system
#   Increase physical memory or swap space
#   Check if swap backing store is full
#   Decrease Java heap size (-Xmx/-Xms)
#   Decrease number of Java threads
#   Decrease Java thread stack sizes (-Xss)
#   Set larger code cache with -XX:ReservedCodeCacheSize=
#   JVM is running with Unscaled Compressed Oops mode in which the Java heap is
#     placed in the first 4GB address space. The Java Heap base address is the
#     maximum limit for the native heap growth. Please use -XX:HeapBaseMinAddress
#     to set the Java Heap base and to place the Java Heap above 4GB virtual address.
# This output file may be truncated or incomplete.
#
#  Out of Memory Error (os_windows.cpp:3825), pid=8516, tid=9152
#
# JRE version:  (17.0.10) (build )
# Java VM: OpenJDK 64-Bit Server VM (17.0.10+0--11609105, mixed mode, sharing, tiered, compressed oops, compressed class ptrs, g1 gc, windows-amd64)
# No core dump will be written. Minidumps are not enabled by default on client versions of Windows
#

---------------  S U M M A R Y ------------

Command Line: org.jetbrains.kotlin.cli.jvm.K2JVMCompiler @C:\Users\BBR-WAI9A\Downloads\MyApplication2\app\build\20240706_15353546213741421921.compiler.options

Host: Intel(R) Core(TM) i3-10110U CPU @ 2.10GHz, 4 cores, 7G,  Windows 10 , 64 bit Build 19041 (10.0.19041.3636)
Time: Sat Jul  6 21:56:35 2024 RTZ 9 (s 10 , 64 bit Build 19041 (10.0.19041.3636) elapsed time: 0.011587 seconds (0d 0h 0m 0s)

---------------  T H R E A D  ---------------

Current thread (0x000001782a09e3c0):  JavaThread "Unknown thread" [_thread_in_vm, id=9152, stack(0x0000004486300000,0x0000004486400000)]

Stack: [0x0000004486300000,0x0000004486400000]
Native frames: (J=compiled Java code, j=interpreted, Vv=VM code, C=native code)
V  [jvm.dll+0x688de9]
V  [jvm.dll+0x8423da]
V  [jvm.dll+0x84401e]
V  [jvm.dll+0x844683]
V  [jvm.dll+0x24be0f]
V  [jvm.dll+0x685bb9]
V  [jvm.dll+0x67a46a]
V  [jvm.dll+0x30cbab]
V  [jvm.dll+0x314056]
V  [jvm.dll+0x363dce]
V  [jvm.dll+0x363fff]
V  [jvm.dll+0x2e2978]
V  [jvm.dll+0x2e38e4]
V  [jvm.dll+0x812f71]
V  [jvm.dll+0x371c81]
V  [jvm.dll+0x7f1ac6]
V  [jvm.dll+0x3f58df]
V  [jvm.dll+0x3f7511]
C  [jli.dll+0x528f]
C  [ucrtbase.dll+0x21bb2]
C  [KERNEL32.DLL+0x17344]
C  [ntdll.dll+0x4cc91]


---------------  P R O C E S S  ---------------

Threads class SMR info:
_java_thread_list=0x00007ffe8f8eef58, length=0, elements={
}

Java Threads: ( => current thread )

Other Threads:
  0x000001782a0f76f0 GCTaskThread "GC Thread#0" [stack: 0x0000004486400000,0x0000004486500000] [id=6224]
  0x000001782a108140 ConcurrentGCThread "G1 Main Marker" [stack: 0x0000004486500000,0x0000004486600000] [id=13772]
  0x000001782a109b70 ConcurrentGCThread "G1 Conc#0" [stack: 0x0000004486600000,0x0000004486700000] [id=14696]

[error occurred during error reporting (printing all threads), id 0xc0000005, EXCEPTION_ACCESS_VIOLATION (0xc0000005) at pc=0x00007ffe8f0a3547]

VM state: not at safepoint (not fully initialized)

VM Mutex/Monitor currently owned by a thread:  ([mutex/lock_event])
[0x000001782a09a570] Heap_lock - owner thread: 0x000001782a09e3c0

Heap address: 0x0000000082800000, size: 2008 MB, Compressed Oops mode: 32-bit

CDS archive(s) mapped at: [0x0000000000000000-0x0000000000000000-0x0000000000000000), size 0, SharedBaseAddress: 0x0000000800000000, ArchiveRelocationMode: 1.
Narrow klass base: 0x0000000000000000, Narrow klass shift: 0, Narrow klass range: 0x0

GC Precious Log:
<Empty>

Heap:
 garbage-first heap   total 0K, used 0K [0x0000000082800000, 0x0000000100000000)
  region size 1024K, 0 young (0K), 0 survivors (0K)
 Metaspace       used 0K, committed 0K, reserved 0K
  class space    used 0K, committed 0K, reserved 0K

Heap Regions: E=young(eden), S=young(survivor), O=old, HS=humongous(starts), HC=humongous(continues), CS=collection set, F=free, OA=open archive, CA=closed archive, TAMS=top-at-mark-start (previous, next)

Card table byte_map: [0x000001783c970000,0x000001783cd60000] _byte_map_base: 0x000001783c55c000

Marking Bits (Prev, Next): (CMBitMap*) 0x000001782a0f7d10, (CMBitMap*) 0x000001782a0f7d50
 Prev Bits: [0x000001783d150000, 0x000001783f0b0000)
 Next Bits: [0x000001783f0b0000, 0x0000017841010000)

GC Heap History (0 events):
No events

Dll operation events (1 events):
Event: 0.006 Loaded shared library C:\Program Files\Android\Android Studio\jbr\bin\java.dll

Deoptimization events (0 events):
No events

Classes unloaded (0 events):
No events

Classes redefined (0 events):
No events

Internal exceptions (0 events):
No events

VM Operations (0 events):
No events

Events (0 events):
No events


Dynamic libraries:
0x00007ff6d7870000 - 0x00007ff6d787a000 	C:\Program Files\Android\Android Studio\jbr\bin\java.exe
0x00007ffeea890000 - 0x00007ffeeaa88000 	C:\Windows\SYSTEM32\ntdll.dll
0x00007ffee9c40000 - 0x00007ffee9cfd000 	C:\Windows\System32\KERNEL32.DLL
0x00007ffee8430000 - 0x00007ffee8726000 	C:\Windows\System32\KERNELBASE.dll
0x00007ffee7f50000 - 0x00007ffee8050000 	C:\Windows\System32\ucrtbase.dll
0x00007ffece3b0000 - 0x00007ffece3c7000 	C:\Program Files\Android\Android Studio\jbr\bin\jli.dll
0x00007ffedc680000 - 0x00007ffedc69b000 	C:\Program Files\Android\Android Studio\jbr\bin\VCRUNTIME140.dll
0x00007ffee98b0000 - 0x00007ffee9a4f000 	C:\Windows\System32\USER32.dll
0x00007ffee8360000 - 0x00007ffee8382000 	C:\Windows\System32\win32u.dll
0x00007ffee9780000 - 0x00007ffee97ab000 	C:\Windows\System32\GDI32.dll
0x00007ffecf1a0000 - 0x00007ffecf43a000 	C:\Windows\WinSxS\amd64_microsoft.windows.common-controls_6595b64144ccf1df_6.0.19041.4355_none_60b8b9eb71f62e16\COMCTL32.dll
0x00007ffee8050000 - 0x00007ffee8167000 	C:\Windows\System32\gdi32full.dll
0x00007ffee9810000 - 0x00007ffee98ae000 	C:\Windows\System32\msvcrt.dll
0x00007ffee8390000 - 0x00007ffee842d000 	C:\Windows\System32\msvcp_win.dll
0x00007ffeea120000 - 0x00007ffeea14f000 	C:\Windows\System32\IMM32.DLL
0x00007ffedc670000 - 0x00007ffedc67c000 	C:\Program Files\Android\Android Studio\jbr\bin\vcruntime140_1.dll
0x00007ffeb5110000 - 0x00007ffeb519d000 	C:\Program Files\Android\Android Studio\jbr\bin\msvcp140.dll
0x00007ffe8edb0000 - 0x00007ffe8fa33000 	C:\Program Files\Android\Android Studio\jbr\bin\server\jvm.dll
0x00007ffee88d0000 - 0x00007ffee8980000 	C:\Windows\System32\ADVAPI32.dll
0x00007ffeea750000 - 0x00007ffeea7f0000 	C:\Windows\System32\sechost.dll
0x00007ffee9a50000 - 0x00007ffee9b73000 	C:\Windows\System32\RPCRT4.dll
0x00007ffee8830000 - 0x00007ffee8857000 	C:\Windows\System32\bcrypt.dll
0x00007ffee7cf0000 - 0x00007ffee7d3b000 	C:\Windows\SYSTEM32\POWRPROF.dll
0x00007ffedc7f0000 - 0x00007ffedc7f9000 	C:\Windows\SYSTEM32\WSOCK32.dll
0x00007ffee66b0000 - 0x00007ffee66d7000 	C:\Windows\SYSTEM32\WINMM.dll
0x00007ffeea000000 - 0x00007ffeea06b000 	C:\Windows\System32\WS2_32.dll
0x00007ffedaf90000 - 0x00007ffedaf9a000 	C:\Windows\SYSTEM32\VERSION.dll
0x00007ffee7cd0000 - 0x00007ffee7ce2000 	C:\Windows\SYSTEM32\UMPDC.dll
0x00007ffee6a90000 - 0x00007ffee6aa2000 	C:\Windows\SYSTEM32\kernel.appcore.dll
0x00007ffedc380000 - 0x00007ffedc38a000 	C:\Program Files\Android\Android Studio\jbr\bin\jimage.dll
0x00007ffee6240000 - 0x00007ffee6424000 	C:\Windows\SYSTEM32\DBGHELP.DLL
0x00007ffebfce0000 - 0x00007ffebfd14000 	C:\Windows\SYSTEM32\dbgcore.DLL
0x00007ffee82d0000 - 0x00007ffee8352000 	C:\Windows\System32\bcryptPrimitives.dll
0x00007ffed0c10000 - 0x00007ffed0c35000 	C:\Program Files\Android\Android Studio\jbr\bin\java.dll

dbghelp: loaded successfully - version: 4.0.5 - missing functions: none
symbol engine: initialized successfully - sym options: 0x614 - pdb path: .;C:\Program Files\Android\Android Studio\jbr\bin;C:\Windows\SYSTEM32;C:\Windows\WinSxS\amd64_microsoft.windows.common-controls_6595b64144ccf1df_6.0.19041.4355_none_60b8b9eb71f62e16;C:\Program Files\Android\Android Studio\jbr\bin\server

VM Arguments:
java_command: org.jetbrains.kotlin.cli.jvm.K2JVMCompiler @C:\Users\BBR-WAI9A\Downloads\MyApplication2\app\build\20240706_15353546213741421921.compiler.options
java_class_path (initial): C:\Users\BBR-WAI9A\.gradle\caches\modules-2\files-2.1\org.jetbrains.kotlin\kotlin-compiler-embeddable\1.9.0\2c8c3a7402becca891f12739b3e9fd2dc2adbd7a\kotlin-compiler-embeddable-1.9.0.jar;C:\Users\BBR-WAI9A\.gradle\caches\modules-2\files-2.1\org.jetbrains.kotlin\kotlin-stdlib\1.9.0\8ee15ef0c67dc83d874f412d84378d7f0eb50b63\kotlin-stdlib-1.9.0.jar;C:\Users\BBR-WAI9A\.gradle\caches\modules-2\files-2.1\org.jetbrains.kotlin\kotlin-script-runtime\1.9.0\4b3102cbbb7e1b58d9d1adf89563f00069ffa7d1\kotlin-script-runtime-1.9.0.jar;C:\Users\BBR-WAI9A\.gradle\caches\modules-2\files-2.1\org.jetbrains.kotlin\kotlin-reflect\1.6.10\1cbe9c92c12a94eea200d23c2bbaedaf3daf5132\kotlin-reflect-1.6.10.jar;C:\Users\BBR-WAI9A\.gradle\caches\modules-2\files-2.1\org.jetbrains.kotlin\kotlin-daemon-embeddable\1.9.0\186543f5e28cf8d9a0290fecc2cf34301c40a65c\kotlin-daemon-embeddable-1.9.0.jar;C:\Users\BBR-WAI9A\.gradle\caches\modules-2\files-2.1\org.jetbrains.intellij.deps\trove4j\1.0.20200330\3afb14d5f9ceb459d724e907a21145e8ff394f02\trove4j-1.0.20200330.jar;C:\Users\BBR-WAI9A\.gradle\caches\modules-2\files-2.1\org.jetbrains.kotlin\kotlin-stdlib-common\1.9.0\cd65c21cfd1eec4d44ef09f9f52b6d9f8a720636\kotlin-stdlib-common-1.9.0.jar;C:\Users\BBR-WAI9A\.gradle\caches\modules-2\files-2.1\org.jetbrains\annotations\13.0\919f0dfe192fb4e063e7dacadee7f8bb9a2672a9\annotations-13.0.jar
Launcher Type: SUN_STANDARD

[Global flags]
     intx CICompilerCount                          = 3                                         {product} {ergonomic}
     uint ConcGCThreads                            = 1                                         {product} {ergonomic}
     uint G1ConcRefinementThreads                  = 4                                         {product} {ergonomic}
   size_t G1HeapRegionSize                         = 1048576                                   {product} {ergonomic}
    uintx GCDrainStackTargetSize                   = 64                                        {product} {ergonomic}
   size_t InitialHeapSize                          = 132120576                                 {product} {ergonomic}
   size_t MarkStackSize                            = 4194304                                   {product} {ergonomic}
   size_t MaxHeapSize                              = 2105540608                                {product} {ergonomic}
   size_t MinHeapDeltaBytes                        = 1048576                                   {product} {ergonomic}
   size_t MinHeapSize                              = 8388608                                   {product} {ergonomic}
    uintx NonNMethodCodeHeapSize                   = 5832780                                {pd product} {ergonomic}
    uintx NonProfiledCodeHeapSize                  = 122912730                              {pd product} {ergonomic}
    uintx ProfiledCodeHeapSize                     = 122912730                              {pd product} {ergonomic}
    uintx ReservedCodeCacheSize                    = 251658240                              {pd product} {ergonomic}
     bool SegmentedCodeCache                       = true                                      {product} {ergonomic}
   size_t SoftMaxHeapSize                          = 2105540608                             {manageable} {ergonomic}
     bool UseCompressedClassPointers               = true                           {product lp64_product} {ergonomic}
     bool UseCompressedOops                        = true                           {product lp64_product} {ergonomic}
     bool UseG1GC                                  = true                                      {product} {ergonomic}
     bool UseLargePagesIndividualAllocation        = false                                  {pd product} {ergonomic}

Logging:
Log output configuration:
 #0: stdout all=warning uptime,level,tags
 #1: stderr all=off uptime,level,tags

Environment Variables:
PATH=C:\Program Files (x86)\Common Files\Oracle\Java\javapath;C:\Program Files (x86)\NVIDIA Corporation\PhysX\Common;C:\Windows\system32;C:\Windows;C:\Windows\System32\Wbem;C:\Windows\System32\WindowsPowerShell\v1.0\;C:\Windows\System32\OpenSSH\;C:\Users\BBR-WAI9A\Downloads\flutter_windows_3.3.2-stable\flutter\bin;C:\Program Files\Git\cmd;C:\Users\BBR-WAI9A\OneDrive\Рабочий стол\dima\dartsdk-windows-x64-release\dart-sdk;C:\Users\BBR-WAI9A\AppData\Local\Programs\Python\Python312\python.exe;C:\Program Files\nodejs\;C:\Users\BBR-WAI9A\AppData\Local\Programs\Python\Python312\Scripts\;C:\Users\BBR-WAI9A\AppData\Local\Programs\Python\Python312\;C:\MinGW\bin;C:\Users\BBR-WAI9A\AppData\Local\Programs\Microsoft VS Code\bin;C:\Users\BBR-WAI9A\Downloads\flutter_windows_3.16.3-stable\flutter\bin;C:\Users\BBR-WAI9A\AppData\Roaming\npm
USERNAME=BBR-WAI9A
OS=Windows_NT
PROCESSOR_IDENTIFIER=Intel64 Family 6 Model 142 Stepping 12, GenuineIntel
TMP=C:\Users\BBR-WA~1\AppData\Local\Temp
TEMP=C:\Users\BBR-WA~1\AppData\Local\Temp



Periodic native trim disabled

JNI global refs:
JNI global refs: 0, weak refs: 0

JNI global refs memory usage: 0, weak refs: 0

OOME stack traces (most recent first):
Classloader memory used:


---------------  S Y S T E M  ---------------

OS:
 Windows 10 , 64 bit Build 19041 (10.0.19041.3636)
OS uptime: 14 days 4:20 hours
Hyper-V role detected

CPU: total 4 (initial active 4) (2 cores per cpu, 2 threads per core) family 6 model 142 stepping 12 microcode 0xde, cx8, cmov, fxsr, ht, mmx, 3dnowpref, sse, sse2, sse3, ssse3, sse4.1, sse4.2, popcnt, lzcnt, tsc, tscinvbit, avx, avx2, aes, erms, clmul, bmi1, bmi2, adx, fma, vzeroupper, clflush, clflushopt, hv
Processor Information for all 4 processors :
  Max Mhz: 2592, Current Mhz: 2592, Mhz Limit: 2073

Memory: 4k page, system-wide physical 8025M (231M free)
TotalPageFile size 21191M (AvailPageFile size 33M)
current process WorkingSet (physical memory assigned to process): 10M, peak: 10M
current process commit charge ("private bytes"): 52M, peak: 177M

vm_info: OpenJDK 64-Bit Server VM (17.0.10+0--11609105) for windows-amd64 JRE (17.0.10+0--11609105), built on Mar 21 2024 19:10:56 by "androidbuild" with MS VC++ 16.10 / 16.11 (VS2019)

END.
